0 info it worked if it ends with ok
1 verbose cli [ 'C:\\Program Files\\nodejs\\node.exe',
1 verbose cli   'C:\\Users\\SilvioLeite\\AppData\\Roaming\\npm\\node_modules\\npm\\bin\\npm-cli.js',
1 verbose cli   'run',
1 verbose cli   'prod' ]
2 info using npm@3.10.9
3 info using node@v6.9.1
4 verbose run-script [ 'preprod', 'prod', 'postprod' ]
5 info lifecycle douglaszuqueto-rfid@~preprod: douglaszuqueto-rfid@
6 silly lifecycle douglaszuqueto-rfid@~preprod: no script for preprod, continuing
7 info lifecycle douglaszuqueto-rfid@~prod: douglaszuqueto-rfid@
8 verbose lifecycle douglaszuqueto-rfid@~prod: unsafe-perm in lifecycle true
9 verbose lifecycle douglaszuqueto-rfid@~prod: PATH: C:\Users\SilvioLeite\AppData\Roaming\npm\node_modules\npm\bin\node-gyp-bin;E:\wamp64\www\projeto-exemplo-rfid\server\nodejs\node_modules\.bin;C:\Program Files (x86)\Python36-32\Scripts\;C:\Program Files (x86)\Python36-32\;C:\Program Files\Common Files\Microsoft Shared\Windows Live;C:\Program Files (x86)\Common Files\Microsoft Shared\Windows Live;C:\Program Files (x86)\Intel\iCLS Client\;C:\Program Files\Intel\iCLS Client\;C:\ProgramData\Oracle\Java\javapath;C:\Program Files (x86)\Common Files\Intel\Shared Files\cpp\bin\Intel64;C:\Python27\;C:\Python27\Scripts;E:\EasyPHP\binaries\php\php_runningversion;C:\Windows\system32;C:\Windows;C:\Windows\System32\Wbem;C:\Windows\System32\WindowsPowerShell\v1.0\;C:\Program Files\Git\cmd;C:\Program Files (x86)\Heroku\bin;C:\Program Files (x86)\git\cmd;C:\Program Files (x86)\Git\cmd;E:\wamp64\bin\php\php5.6.25;C:\ProgramData\ComposerSetup\bin;C:\Program Files (x86)\Windows Live\Shared;C:\Program Files\nodejs\;C:\Users\SilvioLeite\Documents\groovy-2.4.9\bin;C:\Program Files (x86)\Skype\Phone\;C:\Program Files\Intel\Intel(R) Management Engine Components\DAL;C:\Program Files\Intel\Intel(R) Management Engine Components\IPT;C:\Program Files (x86)\Intel\Intel(R) Management Engine Components\DAL;C:\Program Files (x86)\Intel\Intel(R) Management Engine Components\IPT;C:\Users\SilvioLeite\AppData\Roaming\Composer\vendor\bin;C:\Users\SilvioLeite\AppData\Roaming\npm;C:\Program Files\Heroku\bin
10 verbose lifecycle douglaszuqueto-rfid@~prod: CWD: E:\wamp64\www\projeto-exemplo-rfid\server\nodejs
11 silly lifecycle douglaszuqueto-rfid@~prod: Args: [ '/d /s /c', 'node index' ]
12 silly lifecycle douglaszuqueto-rfid@~prod: Returned: code: 1  signal: null
13 info lifecycle douglaszuqueto-rfid@~prod: Failed to exec prod script
14 verbose stack Error: douglaszuqueto-rfid@ prod: `node index`
14 verbose stack Exit status 1
14 verbose stack     at EventEmitter.<anonymous> (C:\Users\SilvioLeite\AppData\Roaming\npm\node_modules\npm\lib\utils\lifecycle.js:255:16)
14 verbose stack     at emitTwo (events.js:106:13)
14 verbose stack     at EventEmitter.emit (events.js:191:7)
14 verbose stack     at ChildProcess.<anonymous> (C:\Users\SilvioLeite\AppData\Roaming\npm\node_modules\npm\lib\utils\spawn.js:40:14)
14 verbose stack     at emitTwo (events.js:106:13)
14 verbose stack     at ChildProcess.emit (events.js:191:7)
14 verbose stack     at maybeClose (internal/child_process.js:877:16)
14 verbose stack     at Process.ChildProcess._handle.onexit (internal/child_process.js:226:5)
15 verbose pkgid douglaszuqueto-rfid@
16 verbose cwd E:\wamp64\www\projeto-exemplo-rfid\server\nodejs
17 error Windows_NT 6.1.7601
18 error argv "C:\\Program Files\\nodejs\\node.exe" "C:\\Users\\SilvioLeite\\AppData\\Roaming\\npm\\node_modules\\npm\\bin\\npm-cli.js" "run" "prod"
19 error node v6.9.1
20 error npm  v3.10.9
21 error code ELIFECYCLE
22 error douglaszuqueto-rfid@ prod: `node index`
22 error Exit status 1
23 error Failed at the douglaszuqueto-rfid@ prod script 'node index'.
23 error Make sure you have the latest version of node.js and npm installed.
23 error If you do, this is most likely a problem with the douglaszuqueto-rfid package,
23 error not with npm itself.
23 error Tell the author that this fails on your system:
23 error     node index
23 error You can get information on how to open an issue for this project with:
23 error     npm bugs douglaszuqueto-rfid
23 error Or if that isn't available, you can get their info via:
23 error     npm owner ls douglaszuqueto-rfid
23 error There is likely additional logging output above.
24 verbose exit [ 1, true ]
