Arguments: 
  C:\Program Files\nodejs\node.exe C:\Program Files (x86)\Yarn\bin\yarn.js prod

PATH: 
  C:\Program Files (x86)\Python36-32\Scripts\;C:\Program Files (x86)\Python36-32\;C:\Program Files\Common Files\Microsoft Shared\Windows Live;C:\Program Files (x86)\Common Files\Microsoft Shared\Windows Live;C:\Program Files (x86)\Intel\iCLS Client\;C:\Program Files\Intel\iCLS Client\;C:\ProgramData\Oracle\Java\javapath;C:\Program Files (x86)\Common Files\Intel\Shared Files\cpp\bin\Intel64;C:\Python27\;C:\Python27\Scripts;E:\EasyPHP\binaries\php\php_runningversion;C:\Windows\system32;C:\Windows;C:\Windows\System32\Wbem;C:\Windows\System32\WindowsPowerShell\v1.0\;C:\Program Files\Git\cmd;C:\Program Files (x86)\Heroku\bin;C:\Program Files (x86)\git\cmd;C:\Program Files (x86)\Git\cmd;E:\wamp64\bin\php\php5.6.25;C:\ProgramData\ComposerSetup\bin;C:\Program Files (x86)\Windows Live\Shared;C:\Program Files\nodejs\;C:\Users\SilvioLeite\Documents\groovy-2.4.9\bin;C:\Program Files (x86)\Skype\Phone\;C:\Program Files\Intel\Intel(R) Management Engine Components\DAL;C:\Program Files\Intel\Intel(R) Management Engine Components\IPT;C:\Program Files (x86)\Intel\Intel(R) Management Engine Components\DAL;C:\Program Files (x86)\Intel\Intel(R) Management Engine Components\IPT;C:\Program Files (x86)\Yarn\bin\;C:\Users\SilvioLeite\AppData\Roaming\Composer\vendor\bin;C:\Users\SilvioLeite\AppData\Roaming\npm;C:\Program Files\Heroku\bin;C:\Users\SilvioLeite\AppData\Local\Yarn\bin

Yarn version: 
  1.5.1

Node version: 
  6.9.1

Platform: 
  win32 x64

npm manifest: 
  {
    "name": "douglaszuqueto-rfid",
    "homepage": "http://rfid.iot-br.com",
    "author": "Douglas Zuqueto <douglas.zuqueto@gmail.com> (https://douglaszuqueto.com)",
    "description": "Projeto com objetivo de autenticar/autorizar usuários a partir de Tags RFID utilizando Banco de Dados",
    "main": "index.js",
    "repository": {
      "type": "git",
      "url": "git+https://github.com/douglaszuqueto/esp8266-rfid-banco-de-dados"
    },
    "license": "MIT",
    "keywords": [
      "nodemcu",
      "rfid",
      "python",
      "nodejs",
      "web-app",
      "mysql",
      "mqtt",
      "websockets",
      "api",
      "docker"
    ],
    "scripts": {
      "prod": "node index",
      "dev": "nodemon index"
    },
    "dependencies": {
      "body-parser": "^1.17.2",
      "cors": "^2.8.3",
      "dotenv": "^4.0.0",
      "express": "^4.15.3",
      "mqtt": "^2.8.0",
      "mysql": "^2.13.0",
      "promise": "^7.1.1",
      "request": "^2.81.0",
      "request-promise": "^4.2.1"
    }
  }

yarn manifest: 
  No manifest

Lockfile: 
  No lockfile

Trace: 
  Error: Command failed.
  Exit code: 1
  Command: C:\Windows\system32\cmd.exe
  Arguments: /d /s /c node index
  Directory: E:\wamp64\www\projeto-exemplo-rfid\server\nodejs
  Output:
  
      at ProcessTermError.Error (native)
      at ProcessTermError.MessageError (C:\Program Files (x86)\Yarn\lib\cli.js:186:110)
      at new ProcessTermError (C:\Program Files (x86)\Yarn\lib\cli.js:226:113)
      at ChildProcess.<anonymous> (C:\Program Files (x86)\Yarn\lib\cli.js:30281:17)
      at emitTwo (events.js:106:13)
      at ChildProcess.emit (events.js:191:7)
      at maybeClose (internal/child_process.js:877:16)
      at Process.ChildProcess._handle.onexit (internal/child_process.js:226:5)
